{"version":2,"ops":[{"type":1,"author":{"id":"34bb3b7763ea6d04cae1c21ede40209df34305b5"},"timestamp":1697417617,"metadata":{"github-id":"I_kwDODBZtRc5z4UwO","github-url":"https://github.com/dandi/dandi-cli/issues/1332","origin":"github"},"title":"test_update_dandiset_from_doi started to fail","message":"seems started to fail a week ago\n\n```\nFAILED ../../../../../opt/hostedtoolcache/Python/3.10.13/x64/lib/python3.10/site-packages/dandi/cli/tests/test_service_scripts.py::test_update_dandiset_from_doi[10.1101/2020.01.17.909838-biorxiv] - AssertionError: assert 1 == 0\n368\n +  where 1 = \u003cResult JSONDecodeError('Expecting value: line 1 column 1 (char 0)')\u003e.exit_code\n369\nFAILED ../../../../../opt/hostedtoolcache/Python/3.10.13/x64/lib/python3.10/site-packages/dandi/cli/tests/test_service_scripts.py::test_update_dandiset_from_doi[10.1523/JNEUROSCI.6157-08.2009-jneurosci] - AssertionError: assert 1 == 0\n370\n +  where 1 = \u003cResult JSONDecodeError('Expecting value: line 1 column 1 (char 0)')\u003e.exit_code\n371\nFAILED ../../../../../opt/hostedtoolcache/Python/3.10.13/x64/lib/python3.10/site-packages/dandi/cli/tests/test_service_scripts.py::test_update_dandiset_from_doi[10.1016/j.neuron.2019.10.012-neuron] - AssertionError: assert 1 == 0\n372\n +  where 1 = \u003cResult JSONDecodeError('Expecting value: line 1 column 1 (char 0)')\u003e.exit_code\n373\nFAILED ../../../../../opt/hostedtoolcache/Python/3.10.13/x64/lib/python3.10/site-packages/dandi/cli/tests/test_service_scripts.py::test_update_dandiset_from_doi[10.7554/eLife.48198-elife] - AssertionError: assert 1 == 0\n374\n +  where 1 = \u003cResult JSONDecodeError('Expecting value: line 1 column 1 (char 0)')\u003e.exit_code\n375\nFAILED ../../../../../opt/hostedtoolcache/Python/3.10.13/x64/lib/python3.10/site-packages/dandi/cli/tests/test_service_scripts.py::test_update_dandiset_from_doi[10.1038/s41467-023-37704-5-nature] - AssertionError: assert 1 == 0\n376\n +  where 1 = \u003cResult JSONDecodeError('Expecting value: line 1 column 1 (char 0)')\u003e.exit_code\n377\n= 5 failed, 261 passed, 425 deselected, 1 xfailed, 5 warnings in 631.20s (0:10:31) =\n```","files":null}]}